#
# A fatal error has been detected by the Java Runtime Environment:
#
#  EXCEPTION_ACCESS_VIOLATION (0xc0000005) at pc=0x00007ffafa08da67, pid=14544, tid=2372
#
# JRE version: Java(TM) SE Runtime Environment (15.0.1+9) (build 15.0.1+9-18)
# Java VM: Java HotSpot(TM) 64-Bit Server VM (15.0.1+9-18, mixed mode, sharing, tiered, compressed oops, g1 gc, windows-amd64)
# Problematic frame:
# V  [jvm.dll+0x33da67]
#
# No core dump will be written. Minidumps are not enabled by default on client versions of Windows
#
# If you would like to submit a bug report, please visit:
#   https://bugreport.java.com/bugreport/crash.jsp
#

---------------  S U M M A R Y ------------

Command Line: -XX:TieredStopAtLevel=1 -Xverify:none -Dspring.output.ansi.enabled=always -javaagent:C:\Program Files\JetBrains\IntelliJ IDEA 2021.1.1\lib\idea_rt.jar=58323:C:\Program Files\JetBrains\IntelliJ IDEA 2021.1.1\bin -Dcom.sun.management.jmxremote -Dspring.jmx.enabled=true -Dspring.liveBeansView.mbeanDomain -Dspring.application.admin.enabled=true -Dfile.encoding=UTF-8 com.boots.Application

Host: Intel(R) Core(TM) i3-7100 CPU @ 3.90GHz, 4 cores, 15G,  Windows 10 , 64 bit Build 21382 (10.0.21382.1)
Time: Wed May 19 17:02:33 2021 Саратов (зима) elapsed time: 5.869975 seconds (0d 0h 0m 5s)

---------------  T H R E A D  ---------------

Current thread (0x000001e991b29c40):  JavaThread "C1 CompilerThread0" daemon [_thread_in_vm, id=2372, stack(0x000000a17b200000,0x000000a17b300000)]


Current CompileTask:
C1:   5870 5039   !   1       java.beans.PropertyDescriptor::findPropertyType (145 bytes)

Stack: [0x000000a17b200000,0x000000a17b300000],  sp=0x000000a17b2fdc90,  free space=1015k
Native frames: (J=compiled Java code, j=interpreted, Vv=VM code, C=native code)
V  [jvm.dll+0x33da67]
V  [jvm.dll+0x338a0b]
V  [jvm.dll+0x227c27]
V  [jvm.dll+0x2279a3]
V  [jvm.dll+0x19e8e8]
V  [jvm.dll+0x11947e]
V  [jvm.dll+0x11bd25]
V  [jvm.dll+0x119f0c]
V  [jvm.dll+0x122a60]
V  [jvm.dll+0x121fd8]
V  [jvm.dll+0x1197f6]
V  [jvm.dll+0x11bd25]
V  [jvm.dll+0x11a004]
V  [jvm.dll+0x122a60]
V  [jvm.dll+0x121fd8]
V  [jvm.dll+0x1197f6]
V  [jvm.dll+0x11bd25]
V  [jvm.dll+0x119f0c]
V  [jvm.dll+0x122a60]
V  [jvm.dll+0x121fd8]
V  [jvm.dll+0x1197f6]
V  [jvm.dll+0x11bd25]
V  [jvm.dll+0x11a004]
V  [jvm.dll+0x122a60]
V  [jvm.dll+0x121fd8]
V  [jvm.dll+0x1197f6]
V  [jvm.dll+0x11bd25]
V  [jvm.dll+0x11a004]
V  [jvm.dll+0x113e08]
V  [jvm.dll+0x123c92]
V  [jvm.dll+0x10f470]
V  [jvm.dll+0x10f7f0]
V  [jvm.dll+0x10fab4]
V  [jvm.dll+0x10edf2]
V  [jvm.dll+0x110c8c]
V  [jvm.dll+0x1f9165]
V  [jvm.dll+0x1f720c]
V  [jvm.dll+0x74485d]
V  [jvm.dll+0x73d65a]
V  [jvm.dll+0x629c56]
C  [ucrtbase.dll+0x26c0c]
C  [KERNEL32.DLL+0x154e0]
C  [ntdll.dll+0x485b]


siginfo: EXCEPTION_ACCESS_VIOLATION (0xc0000005), reading address 0x000001e196744b70


Register to memory mapping:

RIP=0x00007ffafa08da67 jvm.dll
RAX=0x00000008010a0520 is a pointer to class: 
org.hibernate.persister.walking.spi.AttributeDefinition {0x00000008010a0528}
RBX=0x000001e196744b70 is an unknown value
RCX=0x000001e196744b70 is an unknown value
RDX=0x0000000800404360 is pointing into metadata
RSP=0x000000a17b2fdc90 is pointing into the stack for thread: 0x000001e991b29c40
RBP=0x0000000800404360 is pointing into metadata
RSI=0x0000000800406270 is pointing into metadata
RDI=0x0000000000000001 is an unknown value
R8 =0x0000000800406270 is pointing into metadata
R9 =0x0000000000000001 is an unknown value
R10=0x0000000800404360 is pointing into metadata
R11=0xffffffffffffffff is an unknown value
R12=0x000001e991b349f0 points into unknown readable memory: 0x00007ffafa5b6110 | 10 61 5b fa fa 7f 00 00
R13=0x0 is NULL
R14=0x000001e196744b70 is an unknown value
R15=0x0000000000000055 is an unknown value


Registers:
RAX=0x00000008010a0520, RBX=0x000001e196744b70, RCX=0x000001e196744b70, RDX=0x0000000800404360
RSP=0x000000a17b2fdc90, RBP=0x0000000800404360, RSI=0x0000000800406270, RDI=0x0000000000000001
R8 =0x0000000800406270, R9 =0x0000000000000001, R10=0x0000000800404360, R11=0xffffffffffffffff
R12=0x000001e991b349f0, R13=0x0000000000000000, R14=0x000001e196744b70, R15=0x0000000000000055
RIP=0x00007ffafa08da67, EFLAGS=0x0000000000010246

Top of Stack: (sp=0x000000a17b2fdc90)
0x000000a17b2fdc90:   00000008010a0520 00007ffafa088a0b
0x000000a17b2fdca0:   0000000000000055 0000000000000055
0x000000a17b2fdcb0:   0000000000000000 000001e991b349f0
0x000000a17b2fdcc0:   0000000000000055 00007ffaf9f77c27
0x000000a17b2fdcd0:   00000008010a0520 0000000000000000
0x000000a17b2fdce0:   0000000000000000 000000a17b2fe0e0
0x000000a17b2fdcf0:   0000000800406538 000000080004e878
0x000000a17b2fdd00:   000001e991b29c40 00007ffafa08abf2
0x000000a17b2fdd10:   0000000000000007 00007ffaf9fdc5c5
0x000000a17b2fdd20:   00000008005d5e18 000000a17b2fde60
0x000000a17b2fdd30:   0000000000000000 0000000800404360
0x000000a17b2fdd40:   0000000800010400 0000000800406270
0x000000a17b2fdd50:   00000008011c33f0 00000008011c2c08
0x000000a17b2fdd60:   00000008011b9ff8 00000008011b2078
0x000000a17b2fdd70:   00000008011aef98 00000008011adff8
0x000000a17b2fdd80:   0000000801191ad0 00000008011aaad0 

Instructions: (pc=0x00007ffafa08da67)
0x00007ffafa08d967:   48 8d 0d 1a 75 55 00 4c 8b c7 e8 da 6d ff ff ff
0x00007ffafa08d977:   c6 49 83 c6 08 41 3b 37 0f 8c 7b ff ff ff 4c 8b
0x00007ffafa08d987:   b4 24 b0 00 00 00 8b b4 24 a0 00 00 00 44 8b bc
0x00007ffafa08d997:   24 a8 00 00 00 48 8b fd 48 8b ad 78 01 00 00 41
0x00007ffafa08d9a7:   ff c4 bb 00 02 00 00 48 85 ed 0f 85 4a fe ff ff
0x00007ffafa08d9b7:   4c 8b ac 24 b8 00 00 00 48 8b 5c 24 30 48 83 3d
0x00007ffafa08d9c7:   e4 61 74 00 00 4c 8b 74 24 60 4c 8b 64 24 70 48
0x00007ffafa08d9d7:   8b ac 24 80 00 00 00 74 11 45 8b c7 48 8d 0d d6
0x00007ffafa08d9e7:   74 55 00 8b d6 e8 5f 6d ff ff 48 83 3b 00 4c 8b
0x00007ffafa08d9f7:   7c 24 58 48 8b 74 24 78 74 15 48 8b 54 24 38 49
0x00007ffafa08da07:   8b cd e8 b2 ae d5 ff 48 8b cb e8 1a ae d5 ff 48
0x00007ffafa08da17:   8b 44 24 40 49 89 5d 10 48 8b 9c 24 88 00 00 00
0x00007ffafa08da27:   49 89 45 18 48 8b 44 24 48 49 89 45 20 4c 8b 6c
0x00007ffafa08da37:   24 68 48 81 c4 90 00 00 00 5f c3 cc cc cc cc cc
0x00007ffafa08da47:   cc cc cc cc cc cc cc cc cc 40 53 80 3d a7 60 74
0x00007ffafa08da57:   00 00 4c 8b d2 48 8b d9 74 06 5b e9 69 d3 ff ff
0x00007ffafa08da67:   44 8b 01 45 33 db 41 83 e8 01 78 5a 0f 1f 40 00
0x00007ffafa08da77:   66 0f 1f 84 00 00 00 00 00 43 8d 14 18 d1 fa 48
0x00007ffafa08da87:   63 c2 48 8b 4c c3 08 48 8b 41 08 0f b7 48 2a 48
0x00007ffafa08da97:   8b 40 08 4c 8b 4c c8 48 4d 3b ca 73 07 b8 ff ff
0x00007ffafa08daa7:   ff ff eb 0a 33 c0 4d 3b ca 0f 95 c0 74 1f 85 c0
0x00007ffafa08dab7:   8d 4a ff 44 0f 49 c1 8d 4a 01 41 0f 49 cb 44 8b
0x00007ffafa08dac7:   d9 41 3b c8 7e b3 b8 ff ff ff ff 5b c3 8b c2 5b
0x00007ffafa08dad7:   c3 cc cc cc cc cc cc cc cc 4c 8b dc 53 57 48 81
0x00007ffafa08dae7:   ec e8 00 00 00 48 8b 05 25 23 6f 00 48 33 c4 48
0x00007ffafa08daf7:   89 84 24 d0 00 00 00 49 89 73 20 33 ff 4d 89 73
0x00007ffafa08db07:   e8 48 8b f2 4c 8b f1 48 85 c9 75 04 8b df eb 5e
0x00007ffafa08db17:   48 89 ac 24 10 01 00 00 48 8b aa 98 02 00 00 48
0x00007ffafa08db27:   8b 5d 18 48 83 fb f7 76 18 4c 8d 05 f9 94 50 00
0x00007ffafa08db37:   ba 08 00 00 00 48 8b cd e8 0c ae d5 ff 48 8b 5d
0x00007ffafa08db47:   18 48 8d 43 08 48 3b 45 20 76 14 45 33 c0 48 8b
0x00007ffafa08db57:   cd 41 8d 50 08 e8 3f aa d5 ff 48 8b d8 eb 04 48 


Stack slot to memory mapping:
stack at sp + 0 slots: 0x00000008010a0520 is a pointer to class: 
org.hibernate.persister.walking.spi.AttributeDefinition {0x00000008010a0528}
stack at sp + 1 slots: 0x00007ffafa088a0b jvm.dll
stack at sp + 2 slots: 0x0000000000000055 is an unknown value
stack at sp + 3 slots: 0x0000000000000055 is an unknown value
stack at sp + 4 slots: 0x0 is NULL
stack at sp + 5 slots: 0x000001e991b349f0 points into unknown readable memory: 0x00007ffafa5b6110 | 10 61 5b fa fa 7f 00 00
stack at sp + 6 slots: 0x0000000000000055 is an unknown value
stack at sp + 7 slots: 0x00007ffaf9f77c27 jvm.dll


---------------  P R O C E S S  ---------------

Threads class SMR info:
_java_thread_list=0x000001e99215bb60, length=25, elements={
0x000001e9ee6143f0, 0x000001e991303ad0, 0x000001e991304490, 0x000001e991b241e0,
0x000001e991b26ab0, 0x000001e991b29380, 0x000001e991b29c40, 0x000001e991b2a540,
0x000001e991c07ae0, 0x000001e992029670, 0x000001e991f0a5b0, 0x000001e9921e2680,
0x000001e9925a1060, 0x000001e9925a3dc0, 0x000001e9927a6d20, 0x000001e9927a0380,
0x000001e993a0a7e0, 0x000001e993a0acb0, 0x000001e993a0b180, 0x000001e993a0dcd0,
0x000001e993a0b650, 0x000001e993a0bff0, 0x000001e993a0c990, 0x000001e993a0d330,
0x000001e993a0e1a0
}

Java Threads: ( => current thread )
  0x000001e9ee6143f0 JavaThread "main" [_thread_blocked, id=12624, stack(0x000000a17a600000,0x000000a17a700000)]
  0x000001e991303ad0 JavaThread "Reference Handler" daemon [_thread_blocked, id=9308, stack(0x000000a17ad00000,0x000000a17ae00000)]
  0x000001e991304490 JavaThread "Finalizer" daemon [_thread_blocked, id=9832, stack(0x000000a17ae00000,0x000000a17af00000)]
  0x000001e991b241e0 JavaThread "Signal Dispatcher" daemon [_thread_blocked, id=8148, stack(0x000000a17af00000,0x000000a17b000000)]
  0x000001e991b26ab0 JavaThread "Attach Listener" daemon [_thread_blocked, id=7136, stack(0x000000a17b000000,0x000000a17b100000)]
  0x000001e991b29380 JavaThread "Service Thread" daemon [_thread_blocked, id=9852, stack(0x000000a17b100000,0x000000a17b200000)]
=>0x000001e991b29c40 JavaThread "C1 CompilerThread0" daemon [_thread_in_vm, id=2372, stack(0x000000a17b200000,0x000000a17b300000)]
  0x000001e991b2a540 JavaThread "Sweeper thread" daemon [_thread_blocked, id=12200, stack(0x000000a17b300000,0x000000a17b400000)]
  0x000001e991c07ae0 JavaThread "Common-Cleaner" daemon [_thread_blocked, id=15480, stack(0x000000a17b400000,0x000000a17b500000)]
  0x000001e992029670 JavaThread "Monitor Ctrl-Break" daemon [_thread_in_native, id=11656, stack(0x000000a17b500000,0x000000a17b600000)]
  0x000001e991f0a5b0 JavaThread "Notification Thread" daemon [_thread_blocked, id=14588, stack(0x000000a17b600000,0x000000a17b700000)]
  0x000001e9921e2680 JavaThread "RMI TCP Accept-0" daemon [_thread_in_native, id=9724, stack(0x000000a17b700000,0x000000a17b800000)]
  0x000001e9925a1060 JavaThread "Thread-0" [_thread_blocked, id=4408, stack(0x000000a17bd00000,0x000000a17be00000)]
  0x000001e9925a3dc0 JavaThread "restartedMain" [_thread_blocked, id=10488, stack(0x000000a17be00000,0x000000a17bf00000)]
  0x000001e9927a6d20 JavaThread "RMI TCP Connection(2)-192.168.1.34" daemon [_thread_in_native, id=9200, stack(0x000000a17c000000,0x000000a17c100000)]
  0x000001e9927a0380 JavaThread "RMI Scheduler(0)" daemon [_thread_blocked, id=2292, stack(0x000000a17c100000,0x000000a17c200000)]
  0x000001e993a0a7e0 JavaThread "Catalina-utility-1" [_thread_blocked, id=10208, stack(0x000000a17bf00000,0x000000a17c000000)]
  0x000001e993a0acb0 JavaThread "Catalina-utility-2" [_thread_blocked, id=7540, stack(0x000000a17c200000,0x000000a17c300000)]
  0x000001e993a0b180 JavaThread "container-0" [_thread_blocked, id=16120, stack(0x000000a17c300000,0x000000a17c400000)]
  0x000001e993a0dcd0 JavaThread "PostgreSQL-JDBC-SharedTimer-1" daemon [_thread_blocked, id=14628, stack(0x000000a17c500000,0x000000a17c600000)]
  0x000001e993a0b650 JavaThread "HikariPool-1 housekeeper" daemon [_thread_blocked, id=1724, stack(0x000000a17c600000,0x000000a17c700000)]
  0x000001e993a0bff0 JavaThread "HikariPool-1 connection adder" daemon [_thread_blocked, id=15240, stack(0x000000a17c700000,0x000000a17c800000)]
  0x000001e993a0c990 JavaThread "RMI TCP Connection(3)-192.168.1.34" daemon [_thread_blocked, id=2300, stack(0x000000a17c800000,0x000000a17c900000)]
  0x000001e993a0d330 JavaThread "Live Reload Server" daemon [_thread_in_native, id=2744, stack(0x000000a17ca00000,0x000000a17cb00000)]
  0x000001e993a0e1a0 JavaThread "JMX server connection timeout 41" daemon [_thread_blocked, id=12840, stack(0x000000a17c900000,0x000000a17ca00000)]

Other Threads:
  0x000001e9912fced0 VMThread "VM Thread" [stack: 0x000000a17ac00000,0x000000a17ad00000] [id=10300]
  0x000001e992208ee0 WatcherThread [stack: 0x000000a17b800000,0x000000a17b900000] [id=14096]
  0x000001e9ee660a50 GCTaskThread "GC Thread#0" [stack: 0x000000a17a700000,0x000000a17a800000] [id=13072]
  0x000001e992292c40 GCTaskThread "GC Thread#1" [stack: 0x000000a17b900000,0x000000a17ba00000] [id=15828]
  0x000001e992292f70 GCTaskThread "GC Thread#2" [stack: 0x000000a17ba00000,0x000000a17bb00000] [id=14304]
  0x000001e992290f90 GCTaskThread "GC Thread#3" [stack: 0x000000a17bb00000,0x000000a17bc00000] [id=11472]
  0x000001e9ee6716f0 ConcurrentGCThread "G1 Main Marker" [stack: 0x000000a17a800000,0x000000a17a900000] [id=7148]
  0x000001e9ee6722e0 ConcurrentGCThread "G1 Conc#0" [stack: 0x000000a17a900000,0x000000a17aa00000] [id=11228]
  0x000001e9ee6cdb90 ConcurrentGCThread "G1 Refine#0" [stack: 0x000000a17aa00000,0x000000a17ab00000] [id=1048]
  0x000001e9922171b0 ConcurrentGCThread "G1 Refine#1" [stack: 0x000000a17bc00000,0x000000a17bd00000] [id=4068]
  0x000001e9ee6ce790 ConcurrentGCThread "G1 Young RemSet Sampling" [stack: 0x000000a17ab00000,0x000000a17ac00000] [id=13392]

Threads with active compile tasks:
C1 CompilerThread0     5964 5039   !   1       java.beans.PropertyDescriptor::findPropertyType (145 bytes)

VM state: not at safepoint (normal execution)

VM Mutex/Monitor currently owned by a thread:  ([mutex/lock_event])
[0x000001e9ee610190] Compile_lock - owner thread: 0x000001e991b29c40

Heap address: 0x0000000704a00000, size: 4022 MB, Compressed Oops mode: Zero based, Oop shift amount: 3
CDS archive(s) mapped at: [0x0000000800000000-0x0000000800b50000-0x0000000800b50000), size 11862016, SharedBaseAddress: 0x0000000800000000, ArchiveRelocationMode: 0.
Compressed class space mapped at: 0x0000000800b50000-0x0000000840b50000, size: 1073741824
Narrow klass base: 0x0000000800000000, Narrow klass shift: 3, Narrow klass range: 0x100000000

GC Precious Log:
 CPUs: 4 total, 4 available
 Memory: 16083M
 Large Page Support: Disabled
 NUMA Support: Disabled
 Compressed Oops: Enabled (Zero based)
 Heap Region Size: 2M
 Heap Min Capacity: 8M
 Heap Initial Capacity: 252M
 Heap Max Capacity: 4022M
 Pre-touch: Disabled
 Parallel Workers: 4
 Concurrent Workers: 1
 Concurrent Refinement Workers: 4
 Periodic GC: Disabled

Heap:
 garbage-first heap   total 96256K, used 48947K [0x0000000704a00000, 0x0000000800000000)
  region size 2048K, 17 young (34816K), 3 survivors (6144K)
 Metaspace       used 46845K, capacity 47413K, committed 47532K, reserved 1089536K
  class space    used 6414K, capacity 6632K, committed 6656K, reserved 1048576K

Heap Regions: E=young(eden), S=young(survivor), O=old, HS=humongous(starts), HC=humongous(continues), CS=collection set, F=free, OA=open archive, CA=closed archive, TAMS=top-at-mark-start (previous, next)
|   0|0x0000000704a00000, 0x0000000704c00000, 0x0000000704c00000|100%| O|  |TAMS 0x0000000704c00000, 0x0000000704a00000| Untracked 
|   1|0x0000000704c00000, 0x0000000704e00000, 0x0000000704e00000|100%| O|  |TAMS 0x0000000704e00000, 0x0000000704c00000| Untracked 
|   2|0x0000000704e00000, 0x0000000704fdb600, 0x0000000705000000| 92%| O|  |TAMS 0x0000000704fdb600, 0x0000000704e00000| Untracked 
|   3|0x0000000705000000, 0x0000000705200000, 0x0000000705200000|100%| O|  |TAMS 0x0000000705200000, 0x0000000705000000| Untracked 
|   4|0x0000000705200000, 0x0000000705400000, 0x0000000705400000|100%| O|  |TAMS 0x0000000705400000, 0x0000000705200000| Untracked 
|   5|0x0000000705400000, 0x0000000705600000, 0x0000000705600000|100%| O|  |TAMS 0x0000000705600000, 0x0000000705400000| Untracked 
|   6|0x0000000705600000, 0x0000000705800000, 0x0000000705800000|100%| O|  |TAMS 0x0000000705800000, 0x0000000705600000| Untracked 
|   7|0x0000000705800000, 0x0000000705a00000, 0x0000000705a00000|100%| O|  |TAMS 0x0000000705945a00, 0x0000000705800000| Untracked 
|   8|0x0000000705a00000, 0x0000000705a4d200, 0x0000000705c00000| 15%| O|  |TAMS 0x0000000705a00000, 0x0000000705a00000| Untracked 
|   9|0x0000000705c00000, 0x0000000705c00000, 0x0000000705e00000|  0%| F|  |TAMS 0x0000000705c00000, 0x0000000705c00000| Untracked 
|  10|0x0000000705e00000, 0x0000000705e00000, 0x0000000706000000|  0%| F|  |TAMS 0x0000000705e00000, 0x0000000705e00000| Untracked 
|  11|0x0000000706000000, 0x0000000706000000, 0x0000000706200000|  0%| F|  |TAMS 0x0000000706000000, 0x0000000706000000| Untracked 
|  12|0x0000000706200000, 0x0000000706200000, 0x0000000706400000|  0%| F|  |TAMS 0x0000000706200000, 0x0000000706200000| Untracked 
|  13|0x0000000706400000, 0x00000007065a4540, 0x0000000706600000| 82%| S|CS|TAMS 0x0000000706400000, 0x0000000706400000| Complete 
|  14|0x0000000706600000, 0x0000000706800000, 0x0000000706800000|100%| S|CS|TAMS 0x0000000706600000, 0x0000000706600000| Complete 
|  15|0x0000000706800000, 0x0000000706a00000, 0x0000000706a00000|100%| S|CS|TAMS 0x0000000706800000, 0x0000000706800000| Complete 
|  16|0x0000000706a00000, 0x0000000706a00000, 0x0000000706c00000|  0%| F|  |TAMS 0x0000000706a00000, 0x0000000706a00000| Untracked 
|  17|0x0000000706c00000, 0x0000000706c00000, 0x0000000706e00000|  0%| F|  |TAMS 0x0000000706c00000, 0x0000000706c00000| Untracked 
|  18|0x0000000706e00000, 0x0000000706e00000, 0x0000000707000000|  0%| F|  |TAMS 0x0000000706e00000, 0x0000000706e00000| Untracked 
|  19|0x0000000707000000, 0x0000000707000000, 0x0000000707200000|  0%| F|  |TAMS 0x0000000707000000, 0x0000000707000000| Untracked 
|  20|0x0000000707200000, 0x0000000707200000, 0x0000000707400000|  0%| F|  |TAMS 0x0000000707200000, 0x0000000707200000| Untracked 
|  21|0x0000000707400000, 0x0000000707400000, 0x0000000707600000|  0%| F|  |TAMS 0x0000000707400000, 0x0000000707400000| Untracked 
|  22|0x0000000707600000, 0x0000000707600000, 0x0000000707800000|  0%| F|  |TAMS 0x0000000707600000, 0x0000000707600000| Untracked 
|  23|0x0000000707800000, 0x0000000707800000, 0x0000000707a00000|  0%| F|  |TAMS 0x0000000707800000, 0x0000000707800000| Untracked 
|  24|0x0000000707a00000, 0x0000000707a00000, 0x0000000707c00000|  0%| F|  |TAMS 0x0000000707a00000, 0x0000000707a00000| Untracked 
|  25|0x0000000707c00000, 0x0000000707c00000, 0x0000000707e00000|  0%| F|  |TAMS 0x0000000707c00000, 0x0000000707c00000| Untracked 
|  26|0x0000000707e00000, 0x0000000707e00000, 0x0000000708000000|  0%| F|  |TAMS 0x0000000707e00000, 0x0000000707e00000| Untracked 
|  27|0x0000000708000000, 0x0000000708000000, 0x0000000708200000|  0%| F|  |TAMS 0x0000000708000000, 0x0000000708000000| Untracked 
|  28|0x0000000708200000, 0x0000000708200000, 0x0000000708400000|  0%| F|  |TAMS 0x0000000708200000, 0x0000000708200000| Untracked 
|  29|0x0000000708400000, 0x0000000708400000, 0x0000000708600000|  0%| F|  |TAMS 0x0000000708400000, 0x0000000708400000| Untracked 
|  30|0x0000000708600000, 0x0000000708600000, 0x0000000708800000|  0%| F|  |TAMS 0x0000000708600000, 0x0000000708600000| Untracked 
|  31|0x0000000708800000, 0x0000000708800000, 0x0000000708a00000|  0%| F|  |TAMS 0x0000000708800000, 0x0000000708800000| Untracked 
|  32|0x0000000708a00000, 0x0000000708a00000, 0x0000000708c00000|  0%| F|  |TAMS 0x0000000708a00000, 0x0000000708a00000| Untracked 
|  33|0x0000000708c00000, 0x0000000708e00000, 0x0000000708e00000|100%| E|  |TAMS 0x0000000708c00000, 0x0000000708c00000| Complete 
|  34|0x0000000708e00000, 0x0000000709000000, 0x0000000709000000|100%| E|CS|TAMS 0x0000000708e00000, 0x0000000708e00000| Complete 
|  35|0x0000000709000000, 0x0000000709200000, 0x0000000709200000|100%| E|CS|TAMS 0x0000000709000000, 0x0000000709000000| Complete 
|  36|0x0000000709200000, 0x0000000709400000, 0x0000000709400000|100%| E|CS|TAMS 0x0000000709200000, 0x0000000709200000| Complete 
|  37|0x0000000709400000, 0x0000000709600000, 0x0000000709600000|100%| E|CS|TAMS 0x0000000709400000, 0x0000000709400000| Complete 
|  38|0x0000000709600000, 0x0000000709800000, 0x0000000709800000|100%| E|CS|TAMS 0x0000000709600000, 0x0000000709600000| Complete 
|  39|0x0000000709800000, 0x0000000709a00000, 0x0000000709a00000|100%| E|CS|TAMS 0x0000000709800000, 0x0000000709800000| Complete 
|  40|0x0000000709a00000, 0x0000000709c00000, 0x0000000709c00000|100%| E|CS|TAMS 0x0000000709a00000, 0x0000000709a00000| Complete 
|  41|0x0000000709c00000, 0x0000000709e00000, 0x0000000709e00000|100%| E|CS|TAMS 0x0000000709c00000, 0x0000000709c00000| Complete 
|  52|0x000000070b200000, 0x000000070b400000, 0x000000070b400000|100%| E|CS|TAMS 0x000000070b200000, 0x000000070b200000| Complete 
|  53|0x000000070b400000, 0x000000070b600000, 0x000000070b600000|100%| E|CS|TAMS 0x000000070b400000, 0x000000070b400000| Complete 
|  54|0x000000070b600000, 0x000000070b800000, 0x000000070b800000|100%| E|CS|TAMS 0x000000070b600000, 0x000000070b600000| Complete 
|  55|0x000000070b800000, 0x000000070ba00000, 0x000000070ba00000|100%| E|CS|TAMS 0x000000070b800000, 0x000000070b800000| Complete 
| 125|0x0000000714400000, 0x0000000714600000, 0x0000000714600000|100%| E|CS|TAMS 0x0000000714400000, 0x0000000714400000| Complete 

Card table byte_map: [0x000001e9f7010000,0x000001e9f77f0000] _byte_map_base: 0x000001e9f37eb000

Marking Bits (Prev, Next): (CMBitMap*) 0x000001e9ee661280, (CMBitMap*) 0x000001e9ee661240
 Prev Bits: [0x000001e9fbeb0000, 0x000001e9ffd88000)
 Next Bits: [0x000001e9f7fd0000, 0x000001e9fbea8000)

Polling page: 0x000001e9ec7a0000

Metaspace:

Usage:
  Non-class:     39.83 MB capacity,    39.48 MB (>99%) used,   279.95 KB ( <1%) free+waste,    70.06 KB ( <1%) overhead. 
      Class:      6.48 MB capacity,     6.26 MB ( 97%) used,   188.20 KB (  3%) free+waste,    29.19 KB ( <1%) overhead. 
       Both:     46.30 MB capacity,    45.75 MB ( 99%) used,   468.15 KB ( <1%) free+waste,    99.25 KB ( <1%) overhead. 

Virtual space:
  Non-class space:       40.00 MB reserved,      39.92 MB (>99%) committed 
      Class space:        1.00 GB reserved,       6.50 MB ( <1%) committed 
             Both:        1.04 GB reserved,      46.42 MB (  4%) committed 

Chunk freelists:
   Non-Class:  31.00 KB
       Class:  24.00 KB
        Both:  55.00 KB

MaxMetaspaceSize: 17179869184.00 GB
CompressedClassSpaceSize: 1.00 GB

CodeHeap 'non-profiled nmethods': size=238912Kb used=8324Kb max_used=8324Kb free=230587Kb
 bounds [0x000001e9806b0000, 0x000001e980ee0000, 0x000001e98f000000]
CodeHeap 'non-nmethods': size=6848Kb used=1288Kb max_used=1288Kb free=5559Kb
 bounds [0x000001e980000000, 0x000001e980270000, 0x000001e9806b0000]
 total_blobs=5616 nmethods=5037 adapters=506
 compilation: enabled
              stopped_count=0, restarted_count=0
 full_count=0

Compilation events (20 events):
Event: 5.844 Thread 0x000001e991b29c40 nmethod 5028 0x000001e980ecab90 code [0x000001e980ecad60, 0x000001e980ecb018]
Event: 5.844 Thread 0x000001e991b29c40 5029       1       org.springframework.beans.factory.support.AbstractAutowireCapableBeanFactory::getInstantiationStrategy (5 bytes)
Event: 5.844 Thread 0x000001e991b29c40 nmethod 5029 0x000001e980ecb190 code [0x000001e980ecb320, 0x000001e980ecb3d8]
Event: 5.845 Thread 0x000001e991b29c40 5030       1       java.lang.reflect.Field::getGenericSignature (5 bytes)
Event: 5.845 Thread 0x000001e991b29c40 nmethod 5030 0x000001e980ecb490 code [0x000001e980ecb620, 0x000001e980ecb6d8]
Event: 5.845 Thread 0x000001e991b29c40 5031       1       org.springframework.core.convert.support.GenericConversionService$ConverterCacheKey::equals (55 bytes)
Event: 5.845 Thread 0x000001e991b29c40 nmethod 5031 0x000001e980ecb790 code [0x000001e980ecb940, 0x000001e980ecbb58]
Event: 5.846 Thread 0x000001e991b29c40 5032       1       java.lang.reflect.Method::toString (20 bytes)
Event: 5.846 Thread 0x000001e991b29c40 nmethod 5032 0x000001e980ecbc90 code [0x000001e980ecbe40, 0x000001e980ecbf98]
Event: 5.846 Thread 0x000001e991b29c40 5033   !   1       java.lang.reflect.Executable::sharedToString (138 bytes)
Event: 5.847 Thread 0x000001e991b29c40 nmethod 5033 0x000001e980ecc090 code [0x000001e980ecc480, 0x000001e980ecd898]
Event: 5.847 Thread 0x000001e991b29c40 5034       1       java.lang.reflect.Method::specificToStringHeader (44 bytes)
Event: 5.848 Thread 0x000001e991b29c40 nmethod 5034 0x000001e980ece710 code [0x000001e980ece900, 0x000001e980eceac8]
Event: 5.848 Thread 0x000001e991b29c40 5035       1       org.springframework.core.convert.TypeDescriptor::getResolvableType (5 bytes)
Event: 5.848 Thread 0x000001e991b29c40 nmethod 5035 0x000001e980ecec90 code [0x000001e980ecee20, 0x000001e980eceed8]
Event: 5.848 Thread 0x000001e991b29c40 5038       1       org.springframework.core.convert.TypeDescriptor::valueOf (42 bytes)
Event: 5.848 Thread 0x000001e991b29c40 nmethod 5038 0x000001e980ecef90 code [0x000001e980ecf160, 0x000001e980ecf3e8]
Event: 5.848 Thread 0x000001e991b29c40 5036   !   1       org.springframework.beans.factory.support.AbstractBeanFactory::doResolveBeanClass (284 bytes)
Event: 5.849 Thread 0x000001e991b29c40 nmethod 5036 0x000001e980ecf590 code [0x000001e980ecf920, 0x000001e980ed0a58]
Event: 5.849 Thread 0x000001e991b29c40 5039   !   1       java.beans.PropertyDescriptor::findPropertyType (145 bytes)

GC Heap History (20 events):
Event: 0.691 GC heap before
{Heap before GC invocations=0 (full 0):
 garbage-first heap   total 258048K, used 12288K [0x0000000704a00000, 0x0000000800000000)
  region size 2048K, 6 young (12288K), 0 survivors (0K)
 Metaspace       used 5162K, capacity 5289K, committed 5632K, reserved 1056768K
  class space    used 612K, capacity 670K, committed 768K, reserved 1048576K
}
Event: 0.698 GC heap after
{Heap after GC invocations=1 (full 0):
 garbage-first heap   total 258048K, used 5999K [0x0000000704a00000, 0x0000000800000000)
  region size 2048K, 1 young (2048K), 1 survivors (2048K)
 Metaspace       used 5162K, capacity 5289K, committed 5632K, reserved 1056768K
  class space    used 612K, capacity 670K, committed 768K, reserved 1048576K
}
Event: 0.867 GC heap before
{Heap before GC invocations=1 (full 0):
 garbage-first heap   total 258048K, used 14191K [0x0000000704a00000, 0x0000000800000000)
  region size 2048K, 6 young (12288K), 1 survivors (2048K)
 Metaspace       used 6388K, capacity 6611K, committed 6784K, reserved 1056768K
  class space    used 759K, capacity 832K, committed 896K, reserved 1048576K
}
Event: 0.871 GC heap after
{Heap after GC invocations=2 (full 0):
 garbage-first heap   total 258048K, used 6804K [0x0000000704a00000, 0x0000000800000000)
  region size 2048K, 1 young (2048K), 1 survivors (2048K)
 Metaspace       used 6388K, capacity 6611K, committed 6784K, reserved 1056768K
  class space    used 759K, capacity 832K, committed 896K, reserved 1048576K
}
Event: 0.878 GC heap before
{Heap before GC invocations=2 (full 0):
 garbage-first heap   total 258048K, used 23188K [0x0000000704a00000, 0x0000000800000000)
  region size 2048K, 10 young (20480K), 1 survivors (2048K)
 Metaspace       used 6388K, capacity 6611K, committed 6784K, reserved 1056768K
  class space    used 759K, capacity 832K, committed 896K, reserved 1048576K
}
Event: 0.880 GC heap after
{Heap after GC invocations=3 (full 0):
 garbage-first heap   total 258048K, used 6859K [0x0000000704a00000, 0x0000000800000000)
  region size 2048K, 1 young (2048K), 1 survivors (2048K)
 Metaspace       used 6388K, capacity 6611K, committed 6784K, reserved 1056768K
  class space    used 759K, capacity 832K, committed 896K, reserved 1048576K
}
Event: 2.177 GC heap before
{Heap before GC invocations=3 (full 0):
 garbage-first heap   total 258048K, used 144075K [0x0000000704a00000, 0x0000000800000000)
  region size 2048K, 70 young (143360K), 1 survivors (2048K)
 Metaspace       used 20559K, capacity 20978K, committed 21248K, reserved 1067008K
  class space    used 2687K, capacity 2794K, committed 2816K, reserved 1048576K
}
Event: 2.185 GC heap after
{Heap after GC invocations=4 (full 0):
 garbage-first heap   total 258048K, used 12537K [0x0000000704a00000, 0x0000000800000000)
  region size 2048K, 4 young (8192K), 4 survivors (8192K)
 Metaspace       used 20559K, capacity 20978K, committed 21248K, reserved 1067008K
  class space    used 2687K, capacity 2794K, committed 2816K, reserved 1048576K
}
Event: 2.704 GC heap before
{Heap before GC invocations=5 (full 0):
 garbage-first heap   total 55296K, used 53497K [0x0000000704a00000, 0x0000000800000000)
  region size 2048K, 24 young (49152K), 4 survivors (8192K)
 Metaspace       used 24804K, capacity 25251K, committed 25600K, reserved 1071104K
  class space    used 3299K, capacity 3461K, committed 3584K, reserved 1048576K
}
Event: 2.714 GC heap after
{Heap after GC invocations=6 (full 0):
 garbage-first heap   total 65536K, used 15638K [0x0000000704a00000, 0x0000000800000000)
  region size 2048K, 5 young (10240K), 5 survivors (10240K)
 Metaspace       used 24804K, capacity 25251K, committed 25600K, reserved 1071104K
  class space    used 3299K, capacity 3461K, committed 3584K, reserved 1048576K
}
Event: 2.900 GC heap before
{Heap before GC invocations=6 (full 0):
 garbage-first heap   total 65536K, used 42262K [0x0000000704a00000, 0x0000000800000000)
  region size 2048K, 19 young (38912K), 5 survivors (10240K)
 Metaspace       used 26504K, capacity 26994K, committed 27264K, reserved 1073152K
  class space    used 3506K, capacity 3658K, committed 3712K, reserved 1048576K
}
Event: 2.910 GC heap after
{Heap after GC invocations=7 (full 0):
 garbage-first heap   total 79872K, used 17154K [0x0000000704a00000, 0x0000000800000000)
  region size 2048K, 3 young (6144K), 3 survivors (6144K)
 Metaspace       used 26504K, capacity 26994K, committed 27264K, reserved 1073152K
  class space    used 3506K, capacity 3658K, committed 3712K, reserved 1048576K
}
Event: 2.996 GC heap before
{Heap before GC invocations=7 (full 0):
 garbage-first heap   total 79872K, used 56066K [0x0000000704a00000, 0x0000000800000000)
  region size 2048K, 23 young (47104K), 3 survivors (6144K)
 Metaspace       used 27207K, capacity 27678K, committed 27904K, reserved 1073152K
  class space    used 3577K, capacity 3756K, committed 3840K, reserved 1048576K
}
Event: 3.001 GC heap after
{Heap after GC invocations=8 (full 0):
 garbage-first heap   total 79872K, used 17516K [0x0000000704a00000, 0x0000000800000000)
  region size 2048K, 1 young (2048K), 1 survivors (2048K)
 Metaspace       used 27207K, capacity 27678K, committed 27904K, reserved 1073152K
  class space    used 3577K, capacity 3756K, committed 3840K, reserved 1048576K
}
Event: 3.293 GC heap before
{Heap before GC invocations=8 (full 0):
 garbage-first heap   total 79872K, used 60524K [0x0000000704a00000, 0x0000000800000000)
  region size 2048K, 23 young (47104K), 1 survivors (2048K)
 Metaspace       used 29468K, capacity 29987K, committed 30208K, reserved 1075200K
  class space    used 3829K, capacity 4013K, committed 4096K, reserved 1048576K
}
Event: 3.299 GC heap after
{Heap after GC invocations=9 (full 0):
 garbage-first heap   total 79872K, used 18555K [0x0000000704a00000, 0x0000000800000000)
  region size 2048K, 2 young (4096K), 2 survivors (4096K)
 Metaspace       used 29468K, capacity 29987K, committed 30208K, reserved 1075200K
  class space    used 3829K, capacity 4013K, committed 4096K, reserved 1048576K
}
Event: 4.039 GC heap before
{Heap before GC invocations=9 (full 0):
 garbage-first heap   total 79872K, used 39035K [0x0000000704a00000, 0x0000000800000000)
  region size 2048K, 13 young (26624K), 2 survivors (4096K)
 Metaspace       used 34903K, capacity 35468K, committed 35628K, reserved 1079296K
  class space    used 4678K, capacity 4879K, committed 4992K, reserved 1048576K
}
Event: 4.044 GC heap after
{Heap after GC invocations=10 (full 0):
 garbage-first heap   total 79872K, used 19861K [0x0000000704a00000, 0x0000000800000000)
  region size 2048K, 3 young (6144K), 3 survivors (6144K)
 Metaspace       used 34903K, capacity 35468K, committed 35628K, reserved 1079296K
  class space    used 4678K, capacity 4879K, committed 4992K, reserved 1048576K
}
Event: 5.503 GC heap before
{Heap before GC invocations=11 (full 0):
 garbage-first heap   total 79872K, used 60821K [0x0000000704a00000, 0x0000000800000000)
  region size 2048K, 23 young (47104K), 3 survivors (6144K)
 Metaspace       used 43431K, capacity 44040K, committed 44204K, reserved 1087488K
  class space    used 5922K, capacity 6108K, committed 6144K, reserved 1048576K
}
Event: 5.510 GC heap after
{Heap after GC invocations=12 (full 0):
 garbage-first heap   total 96256K, used 22323K [0x0000000704a00000, 0x0000000800000000)
  region size 2048K, 3 young (6144K), 3 survivors (6144K)
 Metaspace       used 43431K, capacity 44040K, committed 44204K, reserved 1087488K
  class space    used 5922K, capacity 6108K, committed 6144K, reserved 1048576K
}

Deoptimization events (2 events):
Event: 2.303 Thread 0x000001e9925a3dc0 DEOPT PACKING pc=0x000001e980a55594 sp=0x000000a17befcd10
Event: 2.303 Thread 0x000001e9925a3dc0 DEOPT UNPACKING pc=0x000001e98004e23f sp=0x000000a17befc258 mode 0

Classes unloaded (0 events):
No events

Classes redefined (0 events):
No events

Internal exceptions (20 events):
Event: 5.639 Thread 0x000001e9925a3dc0 Exception <a 'java/lang/ClassNotFoundException'{0x000000070b29dad0}: org/springframework/beans/factory/FactoryBeanCustomizer> (0x000000070b29dad0) 
thrown [./open/src/hotspot/share/classfile/systemDictionary.cpp, line 295]
Event: 5.640 Thread 0x000001e9925a3dc0 Exception <a 'java/lang/ClassNotFoundException'{0x000000070b2a4e58}: org/springframework/beans/factory/InitializingBeanCustomizer> (0x000000070b2a4e58) 
thrown [./open/src/hotspot/share/classfile/systemDictionary.cpp, line 295]
Event: 5.676 Thread 0x000001e9925a3dc0 Exception <a 'java/lang/NoSuchMethodError'{0x0000000709a0e9a0}: 'void java.lang.invoke.DirectMethodHandle$Holder.invokeStaticInit(java.lang.Object, int, java.lang.Object)'> (0x0000000709a0e9a0) 
thrown [./open/src/hotspot/share/interpreter/linkResolver.cpp, line 782]
Event: 5.678 Thread 0x000001e9925a3dc0 Exception <a 'java/lang/NoSuchMethodError'{0x0000000709a2cfb8}: 'java.lang.Object java.lang.invoke.DirectMethodHandle$Holder.invokeInterface(java.lang.Object, java.lang.Object, java.lang.Object)'> (0x0000000709a2cfb8) 
thrown [./open/src/hotspot/share/interpreter/linkResolver.cpp, line 782]
Event: 5.711 Thread 0x000001e9925a3dc0 Exception <a 'java/lang/ClassNotFoundException'{0x00000007098b9688}: java/lang/ObjectCustomizer> (0x00000007098b9688) 
thrown [./open/src/hotspot/share/classfile/systemDictionary.cpp, line 295]
Event: 5.711 Thread 0x000001e9925a3dc0 Exception <a 'java/lang/ClassNotFoundException'{0x00000007098c2048}: com/boots/entity/UserCustomizer> (0x00000007098c2048) 
thrown [./open/src/hotspot/share/classfile/systemDictionary.cpp, line 295]
Event: 5.712 Thread 0x000001e9925a3dc0 Exception <a 'java/lang/ClassNotFoundException'{0x00000007098d8968}: org/springframework/security/core/userdetails/UserDetailsCustomizer> (0x00000007098d8968) 
thrown [./open/src/hotspot/share/classfile/systemDictionary.cpp, line 295]
Event: 5.722 Thread 0x000001e9925a3dc0 Exception <a 'java/lang/NoSuchMethodError'{0x00000007099c4208}: 'int java.lang.invoke.DirectMethodHandle$Holder.invokeVirtual(java.lang.Object, java.lang.Object, java.lang.Object)'> (0x00000007099c4208) 
thrown [./open/src/hotspot/share/interpreter/linkResolver.cpp, line 782]
Event: 5.728 Thread 0x000001e9925a3dc0 Exception <a 'java/lang/ClassNotFoundException'{0x0000000709642e28}: java/lang/ObjectCustomizer> (0x0000000709642e28) 
thrown [./open/src/hotspot/share/classfile/systemDictionary.cpp, line 295]
Event: 5.729 Thread 0x000001e9925a3dc0 Exception <a 'java/lang/ClassNotFoundException'{0x000000070964b7e8}: com/boots/entity/RoleCustomizer> (0x000000070964b7e8) 
thrown [./open/src/hotspot/share/classfile/systemDictionary.cpp, line 295]
Event: 5.730 Thread 0x000001e9925a3dc0 Exception <a 'java/lang/ClassNotFoundException'{0x0000000709658600}: org/springframework/security/core/GrantedAuthorityCustomizer> (0x0000000709658600) 
thrown [./open/src/hotspot/share/classfile/systemDictionary.cpp, line 295]
Event: 5.738 Thread 0x000001e9925a3dc0 Exception <a 'java/lang/NoSuchMethodError'{0x0000000709707880}: 'java.lang.Object java.lang.invoke.DirectMethodHandle$Holder.invokeSpecialIFC(java.lang.Object, java.lang.Object, java.lang.Object)'> (0x0000000709707880) 
thrown [./open/src/hotspot/share/interpreter/linkResolver.cpp, line 782]
Event: 5.741 Thread 0x000001e9925a3dc0 Exception <a 'java/lang/IncompatibleClassChangeError'{0x00000007097612c0}: Found class java.lang.Object, but interface was expected> (0x00000007097612c0) 
thrown [./open/src/hotspot/share/interpreter/linkResolver.cpp, line 848]
Event: 5.773 Thread 0x000001e9925a3dc0 Exception <a 'java/lang/reflect/InvocationTargetException'{0x00000007095d8420}> (0x00000007095d8420) 
thrown [./open/src/hotspot/share/runtime/reflection.cpp, line 1157]
Event: 5.779 Thread 0x000001e9925a3dc0 Exception <a 'java/lang/NoSuchMethodError'{0x0000000709221cc8}: 'int java.lang.invoke.DirectMethodHandle$Holder.invokeStatic(java.lang.Object, java.lang.Object, int)'> (0x0000000709221cc8) 
thrown [./open/src/hotspot/share/interpreter/linkResolver.cpp, line 782]
Event: 5.781 Thread 0x000001e9925a3dc0 Exception <a 'java/lang/NoSuchMethodError'{0x000000070923dce0}: 'java.lang.Object java.lang.invoke.DirectMethodHandle$Holder.invokeStatic(java.lang.Object, java.lang.Object, int, java.lang.Object)'> (0x000000070923dce0) 
thrown [./open/src/hotspot/share/interpreter/linkResolver.cpp, line 782]
Event: 5.781 Thread 0x000001e9925a3dc0 Exception <a 'java/lang/NoSuchMethodError'{0x0000000709245d80}: 'java.lang.Object java.lang.invoke.DirectMethodHandle$Holder.newInvokeSpecial(java.lang.Object, java.lang.Object, int)'> (0x0000000709245d80) 
thrown [./open/src/hotspot/share/interpreter/linkResolver.cpp, line 782]
Event: 5.803 Thread 0x000001e9925a3dc0 Exception <a 'java/lang/NoSuchMethodError'{0x00000007090147f0}: 'void java.lang.invoke.DirectMethodHandle$Holder.invokeStaticInit(java.lang.Object, java.lang.Object, java.lang.Object, java.lang.Object)'> (0x00000007090147f0) 
thrown [./open/src/hotspot/share/interpreter/linkResolver.cpp, line 782]
Event: 5.848 Thread 0x000001e9925a3dc0 Exception <a 'java/lang/ClassNotFoundException'{0x0000000708d54310}: java/lang/ObjectCustomizer> (0x0000000708d54310) 
thrown [./open/src/hotspot/share/classfile/systemDictionary.cpp, line 295]
Event: 5.849 Thread 0x000001e9925a3dc0 Exception <a 'java/lang/ClassNotFoundException'{0x0000000708d5cd60}: com/boots/entity/ProductCustomizer> (0x0000000708d5cd60) 
thrown [./open/src/hotspot/share/classfile/systemDictionary.cpp, line 295]

Events (20 events):
Event: 5.796 loading class java/util/regex/Pattern$LookBehindEndNode
Event: 5.796 loading class java/util/regex/Pattern$LookBehindEndNode done
Event: 5.796 loading class java/util/regex/Pattern$NotBehind
Event: 5.796 loading class java/util/regex/Pattern$NotBehind done
Event: 5.796 loading class java/util/regex/Pattern$Neg
Event: 5.796 loading class java/util/regex/Pattern$Neg done
Event: 5.796 loading class java/util/regex/Pattern$Behind
Event: 5.796 loading class java/util/regex/Pattern$Behind done
Event: 5.807 Executing VM operation: ICBufferFull
Event: 5.807 Executing VM operation: ICBufferFull done
Event: 5.838 loading class java/util/Base64
Event: 5.838 loading class java/util/Base64 done
Event: 5.838 loading class java/util/Base64$Encoder
Event: 5.838 loading class java/util/Base64$Encoder done
Event: 5.840 loading class java/nio/StringCharBuffer
Event: 5.840 loading class java/nio/StringCharBuffer done
Event: 5.848 loading class java/lang/ObjectCustomizer
Event: 5.848 loading class java/lang/ObjectCustomizer done
Event: 5.848 loading class java/lang/ObjectCustomizer
Event: 5.848 loading class java/lang/ObjectCustomizer done


Dynamic libraries:
0x00007ff7bcd60000 - 0x00007ff7bcd6f000 	C:\Program Files\Java\jdk-15.0.1\bin\java.exe
0x00007ffb41920000 - 0x00007ffb41b27000 	C:\WINDOWS\SYSTEM32\ntdll.dll
0x00007ffb41530000 - 0x00007ffb415ed000 	C:\WINDOWS\System32\KERNEL32.DLL
0x00007ffb3f450000 - 0x00007ffb3f7c2000 	C:\WINDOWS\System32\KERNELBASE.dll
0x00007ffb3c420000 - 0x00007ffb3c4b2000 	C:\WINDOWS\SYSTEM32\apphelp.dll
0x00007ffb3f020000 - 0x00007ffb3f131000 	C:\WINDOWS\System32\ucrtbase.dll
0x00007ffb3b070000 - 0x00007ffb3b088000 	C:\Program Files\Java\jdk-15.0.1\bin\jli.dll
0x00007ffb40c70000 - 0x00007ffb40d1c000 	C:\WINDOWS\System32\ADVAPI32.dll
0x00007ffb40490000 - 0x00007ffb40533000 	C:\WINDOWS\System32\msvcrt.dll
0x00007ffb40540000 - 0x00007ffb405dd000 	C:\WINDOWS\System32\sechost.dll
0x00007ffb3fba0000 - 0x00007ffb3fcc1000 	C:\WINDOWS\System32\RPCRT4.dll
0x00007ffb40640000 - 0x00007ffb407ef000 	C:\WINDOWS\System32\USER32.dll
0x00007ffb3ef80000 - 0x00007ffb3efa6000 	C:\WINDOWS\System32\win32u.dll
0x00007ffb415f0000 - 0x00007ffb41619000 	C:\WINDOWS\System32\GDI32.dll
0x00007ffb3f2b0000 - 0x00007ffb3f3c2000 	C:\WINDOWS\System32\gdi32full.dll
0x00007ffb3eee0000 - 0x00007ffb3ef7d000 	C:\WINDOWS\System32\msvcp_win.dll
0x00007ffb393b0000 - 0x00007ffb393c9000 	C:\Program Files\Java\jdk-15.0.1\bin\VCRUNTIME140.dll
0x00007ffb286d0000 - 0x00007ffb28975000 	C:\WINDOWS\WinSxS\amd64_microsoft.windows.common-controls_6595b64144ccf1df_6.0.21382.1_none_7200369989daa5c3\COMCTL32.dll
0x00007ffb33770000 - 0x00007ffb3377a000 	C:\WINDOWS\SYSTEM32\VERSION.dll
0x00007ffb41400000 - 0x00007ffb41431000 	C:\WINDOWS\System32\IMM32.DLL
0x00007ffb3b8f0000 - 0x00007ffb3b8fc000 	C:\Program Files\Java\jdk-15.0.1\bin\vcruntime140_1.dll
0x00007ffb2a7b0000 - 0x00007ffb2a841000 	C:\Program Files\Java\jdk-15.0.1\bin\msvcp140.dll
0x00007ffaf9d50000 - 0x00007ffafa8ae000 	C:\Program Files\Java\jdk-15.0.1\bin\server\jvm.dll
0x00007ffb41700000 - 0x00007ffb41708000 	C:\WINDOWS\System32\PSAPI.DLL
0x00007ffb2bff0000 - 0x00007ffb2bff9000 	C:\WINDOWS\SYSTEM32\WSOCK32.dll
0x00007ffb41090000 - 0x00007ffb410ff000 	C:\WINDOWS\System32\WS2_32.dll
0x00007ffb21f60000 - 0x00007ffb21f90000 	C:\WINDOWS\SYSTEM32\WINMM.dll
0x00007ffb3df50000 - 0x00007ffb3df67000 	C:\WINDOWS\SYSTEM32\kernel.appcore.dll
0x00007ffb3b8d0000 - 0x00007ffb3b8da000 	C:\Program Files\Java\jdk-15.0.1\bin\jimage.dll
0x00007ffb33120000 - 0x00007ffb33341000 	C:\WINDOWS\SYSTEM32\DBGHELP.DLL
0x00007ffb330e0000 - 0x00007ffb33111000 	C:\WINDOWS\SYSTEM32\dbgcore.DLL
0x00007ffb3f3d0000 - 0x00007ffb3f450000 	C:\WINDOWS\System32\bcryptPrimitives.dll
0x00007ffb3b820000 - 0x00007ffb3b82e000 	C:\Program Files\Java\jdk-15.0.1\bin\instrument.dll
0x00007ffb32f70000 - 0x00007ffb32f95000 	C:\Program Files\Java\jdk-15.0.1\bin\java.dll
0x00007ffb3fcd0000 - 0x00007ffb40422000 	C:\WINDOWS\System32\SHELL32.dll
0x00007ffb3cfe0000 - 0x00007ffb3d83c000 	C:\WINDOWS\SYSTEM32\windows.storage.dll
0x00007ffb3f7f0000 - 0x00007ffb3fb67000 	C:\WINDOWS\System32\combase.dll
0x00007ffb3ce70000 - 0x00007ffb3cfd6000 	C:\WINDOWS\SYSTEM32\wintypes.dll
0x00007ffb41440000 - 0x00007ffb4152a000 	C:\WINDOWS\System32\SHCORE.dll
0x00007ffb405e0000 - 0x00007ffb4063e000 	C:\WINDOWS\System32\shlwapi.dll
0x00007ffb3ed50000 - 0x00007ffb3ed71000 	C:\WINDOWS\SYSTEM32\profapi.dll
0x00007ffb31d70000 - 0x00007ffb31d88000 	C:\Program Files\Java\jdk-15.0.1\bin\zip.dll
0x00007ffb32cd0000 - 0x00007ffb32ce9000 	C:\Program Files\Java\jdk-15.0.1\bin\net.dll
0x00007ffb39290000 - 0x00007ffb3939a000 	C:\WINDOWS\SYSTEM32\WINHTTP.dll
0x00007ffb3e360000 - 0x00007ffb3e3c7000 	C:\WINDOWS\system32\mswsock.dll
0x00007ffb326e0000 - 0x00007ffb326f2000 	C:\Program Files\Java\jdk-15.0.1\bin\nio.dll
0x00007ffb313c0000 - 0x00007ffb313da000 	C:\Program Files\JetBrains\IntelliJ IDEA 2021.1.1\bin\breakgen64.dll
0x00007ffb3dac0000 - 0x00007ffb3dba5000 	C:\WINDOWS\SYSTEM32\DNSAPI.dll
0x00007ffb3da90000 - 0x00007ffb3dabd000 	C:\WINDOWS\SYSTEM32\IPHLPAPI.DLL
0x00007ffb40d20000 - 0x00007ffb40d29000 	C:\WINDOWS\System32\NSI.dll
0x00007ffb32d20000 - 0x00007ffb32d2a000 	C:\Windows\System32\rasadhlp.dll
0x00007ffb38380000 - 0x00007ffb38401000 	C:\WINDOWS\System32\fwpuclnt.dll
0x00007ffb3b7b0000 - 0x00007ffb3b7b9000 	C:\Program Files\Java\jdk-15.0.1\bin\management.dll
0x00007ffb3b060000 - 0x00007ffb3b06b000 	C:\Program Files\Java\jdk-15.0.1\bin\management_ext.dll
0x00007ffb3e5a0000 - 0x00007ffb3e5b8000 	C:\WINDOWS\SYSTEM32\CRYPTSP.dll
0x00007ffb3deb0000 - 0x00007ffb3dee5000 	C:\WINDOWS\system32\rsaenh.dll
0x00007ffb3e450000 - 0x00007ffb3e478000 	C:\WINDOWS\SYSTEM32\USERENV.dll
0x00007ffb3e720000 - 0x00007ffb3e747000 	C:\WINDOWS\SYSTEM32\bcrypt.dll
0x00007ffb3e5c0000 - 0x00007ffb3e5cc000 	C:\WINDOWS\SYSTEM32\CRYPTBASE.dll
0x00007ffb39500000 - 0x00007ffb39519000 	C:\WINDOWS\SYSTEM32\dhcpcsvc6.DLL
0x00007ffb39660000 - 0x00007ffb3967e000 	C:\WINDOWS\SYSTEM32\dhcpcsvc.DLL
0x00007ffb1f1a0000 - 0x00007ffb1f1b7000 	C:\WINDOWS\system32\napinsp.dll
0x00007ffb1f180000 - 0x00007ffb1f19b000 	C:\WINDOWS\system32\pnrpnsp.dll
0x00007ffb1f160000 - 0x00007ffb1f172000 	C:\WINDOWS\System32\winrnr.dll
0x00007ffb1f140000 - 0x00007ffb1f155000 	C:\WINDOWS\system32\wshbth.dll
0x00007ffb1f120000 - 0x00007ffb1f13f000 	C:\WINDOWS\system32\nlansp_c.dll

dbghelp: loaded successfully - version: 4.0.5 - missing functions: none
symbol engine: initialized successfully - sym options: 0x614 - pdb path: .;C:\Program Files\Java\jdk-15.0.1\bin;C:\WINDOWS\SYSTEM32;C:\WINDOWS\WinSxS\amd64_microsoft.windows.common-controls_6595b64144ccf1df_6.0.21382.1_none_7200369989daa5c3;C:\Program Files\Java\jdk-15.0.1\bin\server;C:\Program Files\JetBrains\IntelliJ IDEA 2021.1.1\bin

VM Arguments:
jvm_args: -XX:TieredStopAtLevel=1 -Xverify:none -Dspring.output.ansi.enabled=always -javaagent:C:\Program Files\JetBrains\IntelliJ IDEA 2021.1.1\lib\idea_rt.jar=58323:C:\Program Files\JetBrains\IntelliJ IDEA 2021.1.1\bin -Dcom.sun.management.jmxremote -Dspring.jmx.enabled=true -Dspring.liveBeansView.mbeanDomain -Dspring.application.admin.enabled=true -Dfile.encoding=UTF-8 
java_command: com.boots.Application
java_class_path (initial): C:\Users\IntSer\Desktop\spring-reg-auth-master\target\classes;C:\Users\IntSer\.m2\repository\org\springframework\boot\spring-boot-starter-web\2.1.6.RELEASE\spring-boot-starter-web-2.1.6.RELEASE.jar;C:\Users\IntSer\.m2\repository\org\springframework\boot\spring-boot-starter\2.1.6.RELEASE\spring-boot-starter-2.1.6.RELEASE.jar;C:\Users\IntSer\.m2\repository\org\springframework\boot\spring-boot-starter-logging\2.1.6.RELEASE\spring-boot-starter-logging-2.1.6.RELEASE.jar;C:\Users\IntSer\.m2\repository\ch\qos\logback\logback-classic\1.2.3\logback-classic-1.2.3.jar;C:\Users\IntSer\.m2\repository\ch\qos\logback\logback-core\1.2.3\logback-core-1.2.3.jar;C:\Users\IntSer\.m2\repository\org\apache\logging\log4j\log4j-to-slf4j\2.11.2\log4j-to-slf4j-2.11.2.jar;C:\Users\IntSer\.m2\repository\org\apache\logging\log4j\log4j-api\2.11.2\log4j-api-2.11.2.jar;C:\Users\IntSer\.m2\repository\org\slf4j\jul-to-slf4j\1.7.26\jul-to-slf4j-1.7.26.jar;C:\Users\IntSer\.m2\repository\javax\annotation\javax.annotation-api\1.3.2\javax.annotation-api-1.3.2.jar;C:\Users\IntSer\.m2\repository\org\yaml\snakeyaml\1.23\snakeyaml-1.23.jar;C:\Users\IntSer\.m2\repository\org\springframework\boot\spring-boot-starter-json\2.1.6.RELEASE\spring-boot-starter-json-2.1.6.RELEASE.jar;C:\Users\IntSer\.m2\repository\com\fasterxml\jackson\core\jackson-databind\2.9.9\jackson-databind-2.9.9.jar;C:\Users\IntSer\.m2\repository\com\fasterxml\jackson\core\jackson-annotations\2.9.0\jackson-annotations-2.9.0.jar;C:\Users\IntSer\.m2\repository\com\fasterxml\jackson\core\jackson-core\2.9.9\jackson-core-2.9.9.jar;C:\Users\IntSer\.m2\repository\com\fasterxml\jackson\datatype\jackson-datatype-jdk8\2.9.9\jackson-datatype-jdk8-2.9.9.jar;C:\Users\IntSer\.m2\repository\com\fasterxml\jackson\datatype\jackson-datatype-jsr310\2.9.9\jackson-datatype-jsr310-2.9.9.jar;C:\Users\IntSer\.m2\repository\com\fasterxml\jackson\module\jackson-module-parameter-names\2.9.9\jackson-module-parameter-names-2.9.9.jar;C:\Users\I
Launcher Type: SUN_STANDARD

[Global flags]
     intx CICompilerCount                          = 3                                         {product} {ergonomic}
     uint ConcGCThreads                            = 1                                         {product} {ergonomic}
     uint G1ConcRefinementThreads                  = 4                                         {product} {ergonomic}
   size_t G1HeapRegionSize                         = 2097152                                   {product} {ergonomic}
    uintx GCDrainStackTargetSize                   = 64                                        {product} {ergonomic}
   size_t InitialHeapSize                          = 264241152                                 {product} {ergonomic}
     bool ManagementServer                         = true                                      {product} {command line}
   size_t MarkStackSize                            = 4194304                                   {product} {ergonomic}
   size_t MaxHeapSize                              = 4217372672                                {product} {ergonomic}
   size_t MaxNewSize                               = 2529165312                                {product} {ergonomic}
   size_t MinHeapDeltaBytes                        = 2097152                                   {product} {ergonomic}
   size_t MinHeapSize                              = 8388608                                   {product} {ergonomic}
    uintx NonNMethodCodeHeapSize                   = 6973028                                {pd product} {ergonomic}
    uintx NonProfiledCodeHeapSize                  = 244685212                              {pd product} {ergonomic}
    uintx ProfiledCodeHeapSize                     = 0                                      {pd product} {ergonomic}
    uintx ReservedCodeCacheSize                    = 251658240                              {pd product} {ergonomic}
     bool SegmentedCodeCache                       = true                                      {product} {ergonomic}
   size_t SoftMaxHeapSize                          = 4217372672                             {manageable} {ergonomic}
     intx TieredStopAtLevel                        = 1                                         {product} {command line}
     bool UseCompressedClassPointers               = true                                 {lp64_product} {ergonomic}
     bool UseCompressedOops                        = true                                 {lp64_product} {ergonomic}
     bool UseG1GC                                  = true                                      {product} {ergonomic}
     bool UseLargePagesIndividualAllocation        = false                                  {pd product} {ergonomic}

Logging:
Log output configuration:
 #0: stdout all=warning uptime,level,tags
 #1: stderr all=off uptime,level,tags

Environment Variables:
JAVA_HOME=C:\Program Files\Java\jdk-15.0.1
PATH=C:\Program Files\Microsoft MPI\Bin\;C:\Program Files\Common Files\Oracle\Java\javapath;C:\WINDOWS\system32;C:\WINDOWS;C:\WINDOWS\System32\Wbem;C:\WINDOWS\System32\WindowsPowerShell\v1.0\;C:\WINDOWS\System32\OpenSSH\;C:\Program Files (x86)\Microsoft SQL Server\150\Tools\Binn\;C:\Program Files\Microsoft SQL Server\150\Tools\Binn\;C:\Program Files (x86)\Microsoft SQL Server\150\DTS\Binn\;C:\Program Files\Microsoft SQL Server\150\DTS\Binn\;C:\Program Files\Microsoft SQL Server\Client SDK\ODBC\170\Tools\Binn\;C:\Program Files\Azure Data Studio\bin;C:\Program Files\dotnet\;C:\Program Files\Microsoft SQL Server\130\Tools\Binn\;C:\Program Files\MySQL\MySQL Shell 8.0\bin\;C:\Users\IntSer\AppData\Local\Programs\Python\Python39\Scripts\;C:\Users\IntSer\AppData\Local\Programs\Python\Python39\;C:\Users\IntSer\AppData\Local\Microsoft\WindowsApps;C:\Program Files\Java\jdk-15.0.1\bin;;C:\Program Files\Azure Data Studio\bin;C:\Program Files\JetBrains\IntelliJ IDEA 2021.1.1\bin;;C:\Users\IntSer\.dotnet\tools
USERNAME=IntSer
OS=Windows_NT
PROCESSOR_IDENTIFIER=Intel64 Family 6 Model 158 Stepping 9, GenuineIntel



---------------  S Y S T E M  ---------------

OS:
 Windows 10 , 64 bit Build 21382 (10.0.21382.1)
OS uptime: 1 days 18:24 hours

CPU: total 4 (initial active 4) (2 cores per cpu, 2 threads per core) family 6 model 158 stepping 9 microcode 0xde, cmov, cx8, fxsr, mmx, sse, sse2, sse3, ssse3, sse4.1, sse4.2, popcnt, vzeroupper, avx, avx2, aes, clmul, erms, 3dnowpref, lzcnt, ht, tsc, tscinvbit, bmi1, bmi2, adx, fma, clflush, clflushopt

Memory: 4k page, system-wide physical 16083M (7256M free)
TotalPageFile size 32467M (AvailPageFile size 21175M)
current process WorkingSet (physical memory assigned to process): 214M, peak: 221M
current process commit charge ("private bytes"): 246M, peak: 370M

vm_info: Java HotSpot(TM) 64-Bit Server VM (15.0.1+9-18) for windows-amd64 JRE (15.0.1+9-18), built on Sep 15 2020 14:43:54 by "mach5one" with unknown MS VC++:1925

END.
